<?xml version="1.0" encoding="UTF-8"?>
<testng-results skipped="0" failed="0" ignored="9" total="10" passed="1">
  <reporter-output>
  </reporter-output>
  <suite name="Default suite" duration-ms="153" started-at="2017-07-05T10:53:00Z" finished-at="2017-07-05T10:53:01Z">
    <groups>
    </groups>
    <test name="Default test" duration-ms="153" started-at="2017-07-05T10:53:00Z" finished-at="2017-07-05T10:53:01Z">
      <class name="com.qainfotech.tap.training.resourceio.TeamsYamlReaderTest">
        <test-method status="PASS" signature="loadDB()[pri:0, instance:com.qainfotech.tap.training.resourceio.TeamsYamlReaderTest@5f375618]" name="loadDB" is-config="true" duration-ms="81" started-at="2017-07-05T16:23:00Z" finished-at="2017-07-05T16:23:01Z">
          <reporter-output>
          </reporter-output>
        </test-method> <!-- loadDB -->
        <test-method status="PASS" signature="Team_getActiveMembers_should_return_a_list_of_team_members_that_are_active()[pri:0, instance:com.qainfotech.tap.training.resourceio.TeamsYamlReaderTest@5f375618]" name="Team_getActiveMembers_should_return_a_list_of_team_members_that_are_active" duration-ms="53" started-at="2017-07-05T16:23:01Z" finished-at="2017-07-05T16:23:01Z">
          <reporter-output>
          </reporter-output>
        </test-method> <!-- Team_getActiveMembers_should_return_a_list_of_team_members_that_are_active -->
      </class> <!-- com.qainfotech.tap.training.resourceio.TeamsYamlReaderTest -->
    </test> <!-- Default test -->
  </suite> <!-- Default suite -->
</testng-results>
